<?xml version="1.0" encoding="UTF-8" standalone="no"?>
<testsuite errors="0" failures="0" name="io.cucumber.core.plugin.JUnitFormatter" skipped="0" tests="1" time="42.634">
    <testcase classname="Login Functionality" name="Verify the login functionality with valid credentials" time="41.954">
        <system-out><![CDATA[Given User is on login page.................................................passed
When User provide a valid credentials Ammarah@transformhub.com Test@1234....passed
Then User should be landed on OTP verification page.........................passed
When User provide the OTP...................................................passed
Then Verify the user successfully logged in and landed on dashboard.........passed
]]></system-out>
    </testcase>
</testsuite>
